Using pre-set license
Built from '2020.3/staging' branch; Version is '2020.3.11f1 (99c7afb366b3) revision 10078127'; Using compiler version '192528614'; Build Type 'Release'
OS: 'Windows 10 Home China; OS build 19042.1083; Version 2009; 64bit' Language: 'zh' Physical Memory: 4017 MB
BatchMode: 1, IsHumanControllingUs: 0, StartBugReporterOnCrash: 0, Is64bit: 1, IsPro: 0

 COMMAND LINE ARGUMENTS:
C:\Program Files\Unity\Hub\Editor\2020.3.11f1\Editor\Unity.exe
-adb2
-batchMode
-noUpm
-name
AssetImportWorker4
-projectPath
C:/Users/limin/Desktop/Summer project/Physics simulation project
-logFile
Logs/AssetImportWorker4.log
-srvPort
60906
Successfully changed project path to: C:/Users/limin/Desktop/Summer project/Physics simulation project
C:/Users/limin/Desktop/Summer project/Physics simulation project
Using Asset Import Pipeline V2.
Refreshing native plugins compatible for Editor in 114.40 ms, found 2 plugins.
Preloading 0 native plugins for Editor in 0.00 ms.
Initialize engine version: 2020.3.11f1 (99c7afb366b3)
[Subsystems] Discovering subsystems at path C:/Program Files/Unity/Hub/Editor/2020.3.11f1/Editor/Data/Resources/UnitySubsystems
[Subsystems] Discovering subsystems at path C:/Users/limin/Desktop/Summer project/Physics simulation project/Assets
GfxDevice: creating device client; threaded=0
Direct3D:
    Version:  Direct3D 11.0 [level 11.1]
    Renderer: Intel(R) HD Graphics 520 (ID=0x1916)
    Vendor:   
    VRAM:     2008 MB
    Driver:   24.20.100.6299
Initialize mono
Mono path[0] = 'C:/Program Files/Unity/Hub/Editor/2020.3.11f1/Editor/Data/Managed'
Mono path[1] = 'C:/Program Files/Unity/Hub/Editor/2020.3.11f1/Editor/Data/MonoBleedingEdge/lib/mono/unityjit'
Mono config path = 'C:/Program Files/Unity/Hub/Editor/2020.3.11f1/Editor/Data/MonoBleedingEdge/etc'
Using monoOptions --debugger-agent=transport=dt_socket,embedding=1,server=y,suspend=n,address=127.0.0.1:56764
Begin MonoManager ReloadAssembly
Registering precompiled unity dll's ...
Register platform support module: C:/Program Files/Unity/Hub/Editor/2020.3.11f1/Editor/Data/PlaybackEngines/WindowsStandaloneSupport/UnityEditor.WindowsStandalone.Extensions.dll
Registered in 0.010653 seconds.
Native extension for WindowsStandalone target not found
Refreshing native plugins compatible for Editor in 53.21 ms, found 2 plugins.
Preloading 0 native plugins for Editor in 0.00 ms.
Mono: successfully reloaded assembly
- Completed reload, in  5.542 seconds
Platform modules already initialized, skipping
Registering precompiled user dll's ...
Registered in 0.089685 seconds.
Begin MonoManager ReloadAssembly
Native extension for WindowsStandalone target not found
Refreshing native plugins compatible for Editor in 1.24 ms, found 2 plugins.
Preloading 0 native plugins for Editor in 0.00 ms.
Mono: successfully reloaded assembly
- Completed reload, in  2.457 seconds
Platform modules already initialized, skipping
========================================================================
Worker process is ready to serve import requests
Launched and connected shader compiler UnityShaderCompiler.exe after 0.26 seconds
Refreshing native plugins compatible for Editor in 0.52 ms, found 2 plugins.
Preloading 0 native plugins for Editor in 0.00 ms.
Unloading 1406 Unused Serialized files (Serialized files now loaded: 0)
System memory in use before: 67.1 MB.
System memory in use after: 67.1 MB.

Unloading 19 unused Assets to reduce memory usage. Loaded Objects now: 1840.
Total: 15.109300 ms (FindLiveObjects: 1.877600 ms CreateObjectMapping: 0.181500 ms MarkObjects: 10.559600 ms  DeleteObjects: 2.487200 ms)

========================================================================
Received Import Request.
  path: Assets/Scripts/Trajectories/ShootTrajectory.cs
  artifactKey: Guid(c3a079a1421baa3449dfce4cd0ac372f) Importer(815301076,1909f56bfc062723c751e8b465ee728b)
Start importing Assets/Scripts/Trajectories/ShootTrajectory.cs using Guid(c3a079a1421baa3449dfce4cd0ac372f) Importer(815301076,1909f56bfc062723c751e8b465ee728b)  -> (artifact id: 'a6c5034b28bcceacdd1a468eb187e6c9') in 0.705890 seconds
  Import took 0.719369 seconds .

========================================================================
Received Import Request.
  Time since last request: 179.489135 seconds.
  path: Assets/Scenes/TrajectorySimulation.unity
  artifactKey: Guid(f0add7bc058df274d85b72fba89255c0) Importer(815301076,1909f56bfc062723c751e8b465ee728b)
Start importing Assets/Scenes/TrajectorySimulation.unity using Guid(f0add7bc058df274d85b72fba89255c0) Importer(815301076,1909f56bfc062723c751e8b465ee728b)  -> (artifact id: '6e501d66928e3dceb67db08c9782bd07') in 0.163793 seconds
  Import took 0.172453 seconds .

========================================================================
Received Import Request.
  Time since last request: 58.285132 seconds.
  path: Assets/Scripts/Gravitation/CelestialBody.cs
  artifactKey: Guid(47b7b831dde695a4db0ac1ad17f2d51d) Importer(815301076,1909f56bfc062723c751e8b465ee728b)
Start importing Assets/Scripts/Gravitation/CelestialBody.cs using Guid(47b7b831dde695a4db0ac1ad17f2d51d) Importer(815301076,1909f56bfc062723c751e8b465ee728b)  -> (artifact id: 'ea175b5663a9ff90b9bc7994c6daf770') in 0.051793 seconds
  Import took 0.073754 seconds .

========================================================================
Received Import Request.
  Time since last request: 91.367633 seconds.
  path: Assets/Scenes/Main Menu.unity
  artifactKey: Guid(06f01948354f83740829d81d83750e1a) Importer(815301076,1909f56bfc062723c751e8b465ee728b)
Start importing Assets/Scenes/Main Menu.unity using Guid(06f01948354f83740829d81d83750e1a) Importer(815301076,1909f56bfc062723c751e8b465ee728b)  -> (artifact id: '8ae9606c8fdc1608e550cc1a9d915f51') in 0.083566 seconds
  Import took 0.088708 seconds .

