Using pre-set license
Built from '2020.3/staging' branch; Version is '2020.3.11f1 (99c7afb366b3) revision 10078127'; Using compiler version '192528614'; Build Type 'Release'
OS: 'Windows 10 Home China; OS build 19042.1110; Version 2009; 64bit' Language: 'zh' Physical Memory: 4017 MB
BatchMode: 1, IsHumanControllingUs: 0, StartBugReporterOnCrash: 0, Is64bit: 1, IsPro: 0

 COMMAND LINE ARGUMENTS:
C:\Program Files\Unity\Hub\Editor\2020.3.11f1\Editor\Unity.exe
-adb2
-batchMode
-noUpm
-name
AssetImportWorker0
-projectPath
C:/Users/limin/Desktop/Summer project/Physics-simulation-project
-logFile
Logs/AssetImportWorker0.log
-srvPort
59024
Successfully changed project path to: C:/Users/limin/Desktop/Summer project/Physics-simulation-project
C:/Users/limin/Desktop/Summer project/Physics-simulation-project
Using Asset Import Pipeline V2.
Refreshing native plugins compatible for Editor in 74.44 ms, found 2 plugins.
Preloading 0 native plugins for Editor in 0.00 ms.
Initialize engine version: 2020.3.11f1 (99c7afb366b3)
[Subsystems] Discovering subsystems at path C:/Program Files/Unity/Hub/Editor/2020.3.11f1/Editor/Data/Resources/UnitySubsystems
[Subsystems] Discovering subsystems at path C:/Users/limin/Desktop/Summer project/Physics-simulation-project/Assets
GfxDevice: creating device client; threaded=0
Direct3D:
    Version:  Direct3D 11.0 [level 11.1]
    Renderer: Intel(R) HD Graphics 520 (ID=0x1916)
    Vendor:   
    VRAM:     2008 MB
    Driver:   24.20.100.6299
Initialize mono
Mono path[0] = 'C:/Program Files/Unity/Hub/Editor/2020.3.11f1/Editor/Data/Managed'
Mono path[1] = 'C:/Program Files/Unity/Hub/Editor/2020.3.11f1/Editor/Data/MonoBleedingEdge/lib/mono/unityjit'
Mono config path = 'C:/Program Files/Unity/Hub/Editor/2020.3.11f1/Editor/Data/MonoBleedingEdge/etc'
Using monoOptions --debugger-agent=transport=dt_socket,embedding=1,server=y,suspend=n,address=127.0.0.1:56764
Begin MonoManager ReloadAssembly
Registering precompiled unity dll's ...
Register platform support module: C:/Program Files/Unity/Hub/Editor/2020.3.11f1/Editor/Data/PlaybackEngines/WindowsStandaloneSupport/UnityEditor.WindowsStandalone.Extensions.dll
Registered in 0.004850 seconds.
Native extension for WindowsStandalone target not found
Refreshing native plugins compatible for Editor in 45.71 ms, found 2 plugins.
Preloading 0 native plugins for Editor in 0.00 ms.
Mono: successfully reloaded assembly
- Completed reload, in  4.212 seconds
Platform modules already initialized, skipping
Registering precompiled user dll's ...
Registered in 0.021787 seconds.
Begin MonoManager ReloadAssembly
Native extension for WindowsStandalone target not found
Refreshing native plugins compatible for Editor in 67.15 ms, found 2 plugins.
Preloading 0 native plugins for Editor in 0.00 ms.
Mono: successfully reloaded assembly
- Completed reload, in  2.864 seconds
Platform modules already initialized, skipping
========================================================================
Worker process is ready to serve import requests
Launched and connected shader compiler UnityShaderCompiler.exe after 0.10 seconds
Refreshing native plugins compatible for Editor in 0.33 ms, found 2 plugins.
Preloading 0 native plugins for Editor in 0.00 ms.
Unloading 1407 Unused Serialized files (Serialized files now loaded: 0)
System memory in use before: 67.2 MB.
System memory in use after: 67.2 MB.

Unloading 19 unused Assets to reduce memory usage. Loaded Objects now: 1842.
Total: 2.746000 ms (FindLiveObjects: 0.270900 ms CreateObjectMapping: 0.059600 ms MarkObjects: 2.274100 ms  DeleteObjects: 0.140100 ms)

========================================================================
Received Import Request.
  path: Assets/Scenes/TrajectorySimulation.unity
  artifactKey: Guid(f0add7bc058df274d85b72fba89255c0) Importer(815301076,1909f56bfc062723c751e8b465ee728b)
Start importing Assets/Scenes/TrajectorySimulation.unity using Guid(f0add7bc058df274d85b72fba89255c0) Importer(815301076,1909f56bfc062723c751e8b465ee728b)  -> (artifact id: 'a174ab06d231a99ba1a2f4d3535cb371') in 0.034515 seconds
  Import took 0.043766 seconds .

========================================================================
Received Import Request.
  Time since last request: 556.197608 seconds.
  path: Assets/Scenes/TrajectorySimulation.unity
  artifactKey: Guid(f0add7bc058df274d85b72fba89255c0) Importer(815301076,1909f56bfc062723c751e8b465ee728b)
Start importing Assets/Scenes/TrajectorySimulation.unity using Guid(f0add7bc058df274d85b72fba89255c0) Importer(815301076,1909f56bfc062723c751e8b465ee728b)  -> (artifact id: '65b198ae171570849cef77e04f1b19c3') in 0.083439 seconds
  Import took 0.407271 seconds .

========================================================================
Received Import Request.
  Time since last request: 264.611360 seconds.
  path: Assets/Ellipse.cs
  artifactKey: Guid(3a805f30087c04f4eb0826f441ddf305) Importer(815301076,1909f56bfc062723c751e8b465ee728b)
Start importing Assets/Ellipse.cs using Guid(3a805f30087c04f4eb0826f441ddf305) Importer(815301076,1909f56bfc062723c751e8b465ee728b)  -> (artifact id: 'c4ca0e544992a4b3cff6e89e1bce0f0f') in 0.125656 seconds
  Import took 0.134798 seconds .

========================================================================
Received Prepare
Registering precompiled user dll's ...
Registered in 0.022776 seconds.
Begin MonoManager ReloadAssembly
Native extension for WindowsStandalone target not found
Refreshing native plugins compatible for Editor in 1.00 ms, found 2 plugins.
Preloading 0 native plugins for Editor in 0.00 ms.
Mono: successfully reloaded assembly
- Completed reload, in  6.459 seconds
Platform modules already initialized, skipping
Refreshing native plugins compatible for Editor in 0.36 ms, found 2 plugins.
Preloading 0 native plugins for Editor in 0.00 ms.
Unloading 1390 Unused Serialized files (Serialized files now loaded: 0)
System memory in use before: 65.9 MB.
System memory in use after: 66.0 MB.

Unloading 14 unused Assets to reduce memory usage. Loaded Objects now: 1846.
Total: 10.370800 ms (FindLiveObjects: 0.570300 ms CreateObjectMapping: 0.122900 ms MarkObjects: 9.076300 ms  DeleteObjects: 0.598700 ms)

========================================================================
Received Prepare
Registering precompiled user dll's ...
Registered in 0.019910 seconds.
Begin MonoManager ReloadAssembly
Native extension for WindowsStandalone target not found
Refreshing native plugins compatible for Editor in 0.62 ms, found 2 plugins.
Preloading 0 native plugins for Editor in 0.00 ms.
Mono: successfully reloaded assembly
- Completed reload, in  3.347 seconds
Platform modules already initialized, skipping
Refreshing native plugins compatible for Editor in 0.40 ms, found 2 plugins.
Preloading 0 native plugins for Editor in 0.00 ms.
Unloading 1390 Unused Serialized files (Serialized files now loaded: 0)
System memory in use before: 65.9 MB.
System memory in use after: 66.0 MB.

Unloading 14 unused Assets to reduce memory usage. Loaded Objects now: 1849.
Total: 12.379000 ms (FindLiveObjects: 0.539400 ms CreateObjectMapping: 0.091600 ms MarkObjects: 11.315500 ms  DeleteObjects: 0.430000 ms)

========================================================================
Received Prepare
Registering precompiled user dll's ...
Registered in 0.041957 seconds.
Begin MonoManager ReloadAssembly
Native extension for WindowsStandalone target not found
Refreshing native plugins compatible for Editor in 0.49 ms, found 2 plugins.
Preloading 0 native plugins for Editor in 0.00 ms.
Mono: successfully reloaded assembly
- Completed reload, in  2.552 seconds
Platform modules already initialized, skipping
Refreshing native plugins compatible for Editor in 0.66 ms, found 2 plugins.
Preloading 0 native plugins for Editor in 0.00 ms.
Unloading 1390 Unused Serialized files (Serialized files now loaded: 0)
System memory in use before: 65.9 MB.
System memory in use after: 66.0 MB.

Unloading 14 unused Assets to reduce memory usage. Loaded Objects now: 1852.
Total: 15.076300 ms (FindLiveObjects: 1.381600 ms CreateObjectMapping: 0.160100 ms MarkObjects: 13.179500 ms  DeleteObjects: 0.352600 ms)

========================================================================
Received Prepare
Registering precompiled user dll's ...
Registered in 0.026799 seconds.
Begin MonoManager ReloadAssembly
Native extension for WindowsStandalone target not found
Refreshing native plugins compatible for Editor in 0.45 ms, found 2 plugins.
Preloading 0 native plugins for Editor in 0.00 ms.
Mono: successfully reloaded assembly
- Completed reload, in  3.032 seconds
Platform modules already initialized, skipping
Refreshing native plugins compatible for Editor in 0.37 ms, found 2 plugins.
Preloading 0 native plugins for Editor in 0.00 ms.
Unloading 1390 Unused Serialized files (Serialized files now loaded: 0)
System memory in use before: 65.9 MB.
System memory in use after: 66.0 MB.

Unloading 14 unused Assets to reduce memory usage. Loaded Objects now: 1855.
Total: 27.349300 ms (FindLiveObjects: 0.898000 ms CreateObjectMapping: 0.137500 ms MarkObjects: 25.898600 ms  DeleteObjects: 0.412000 ms)

========================================================================
Received Prepare
Registering precompiled user dll's ...
Registered in 0.019874 seconds.
Begin MonoManager ReloadAssembly
Native extension for WindowsStandalone target not found
Refreshing native plugins compatible for Editor in 0.73 ms, found 2 plugins.
Preloading 0 native plugins for Editor in 0.00 ms.
Mono: successfully reloaded assembly
- Completed reload, in  3.035 seconds
Platform modules already initialized, skipping
Refreshing native plugins compatible for Editor in 0.53 ms, found 2 plugins.
Preloading 0 native plugins for Editor in 0.00 ms.
Unloading 1390 Unused Serialized files (Serialized files now loaded: 0)
System memory in use before: 65.9 MB.
System memory in use after: 66.0 MB.

Unloading 14 unused Assets to reduce memory usage. Loaded Objects now: 1858.
Total: 8.031800 ms (FindLiveObjects: 0.484400 ms CreateObjectMapping: 0.083800 ms MarkObjects: 6.722800 ms  DeleteObjects: 0.738100 ms)

